<?xml version="1.0" encoding="UTF-8"?>
<testsuite xmlns:xsi="http://www.w3.org/2001/XMLSchema-instance" xsi:noNamespaceSchemaLocation="https://maven.apache.org/surefire/maven-surefire-plugin/xsd/surefire-test-report-3.0.xsd" version="3.0" name="com.appsdeveloperblog.estore.service.UserServiceTest" time="0.902" tests="4" errors="0" skipped="0" failures="0">
  <properties>
[...]
</properties>
  <testcase name="testCreateUser_whenUserCreated_schedulesEmailConfirmation" classname="com.appsdeveloperblog.estore.service.UserServiceTest" time="0.849">
    <system-out><![CDATA[scheduleEmailConfirmation is called
]]></system-out>
  </testcase>
  <testcase name="testCreateUser_whenSaveMethodThrownException_thenThrownUserServiceException" classname="com.appsdeveloperblog.estore.service.UserServiceTest" time="0.008"/>
  <testcase name="testCreateUser_whenEmailNotificationExceptionThrown_throwsUserServiceException" classname="com.appsdeveloperblog.estore.service.UserServiceTest" time="0.004"/>
  <testcase name="testCreateUser_whenUserDetailsProvided_returnUserObject" classname="com.appsdeveloperblog.estore.service.UserServiceTest" time="0.004"/>
</testsuite>